0 info it worked if it ends with ok
1 verbose cli [ '/usr/local/bin/node',
1 verbose cli   '/Users/WSM/.node_modules_global/bin/npm',
1 verbose cli   'install',
1 verbose cli   '-g',
1 verbose cli   'jekyll-docs' ]
2 info using npm@4.0.5
3 info using node@v6.9.2
4 silly loadCurrentTree Starting
5 silly install loadCurrentTree
6 silly install readGlobalPackageData
7 silly fetchPackageMetaData jekyll-docs
8 silly fetchNamedPackageData jekyll-docs
9 silly mapToRegistry name jekyll-docs
10 silly mapToRegistry using default registry
11 silly mapToRegistry registry https://registry.npmjs.org/
12 silly mapToRegistry data Result {
12 silly mapToRegistry   raw: 'jekyll-docs',
12 silly mapToRegistry   scope: null,
12 silly mapToRegistry   escapedName: 'jekyll-docs',
12 silly mapToRegistry   name: 'jekyll-docs',
12 silly mapToRegistry   rawSpec: '',
12 silly mapToRegistry   spec: 'latest',
12 silly mapToRegistry   type: 'tag' }
13 silly mapToRegistry uri https://registry.npmjs.org/jekyll-docs
14 verbose request uri https://registry.npmjs.org/jekyll-docs
15 verbose request no auth needed
16 info attempt registry request try #1 at 5:49:42 PM
17 verbose request id 4eb72aaaa165ceea
18 http request GET https://registry.npmjs.org/jekyll-docs
19 http 404 https://registry.npmjs.org/jekyll-docs
20 verbose headers { 'content-type': 'application/json',
20 verbose headers   'cache-control': 'max-age=0',
20 verbose headers   'content-length': '2',
20 verbose headers   'accept-ranges': 'bytes',
20 verbose headers   date: 'Sun, 05 Mar 2017 22:49:43 GMT',
20 verbose headers   via: '1.1 varnish',
20 verbose headers   age: '0',
20 verbose headers   connection: 'keep-alive',
20 verbose headers   'x-served-by': 'cache-iad2622-IAD',
20 verbose headers   'x-cache': 'MISS',
20 verbose headers   'x-cache-hits': '0',
20 verbose headers   'x-timer': 'S1488754182.790219,VS0,VE649',
20 verbose headers   vary: 'Accept-Encoding' }
21 silly get cb [ 404,
21 silly get   { 'content-type': 'application/json',
21 silly get     'cache-control': 'max-age=0',
21 silly get     'content-length': '2',
21 silly get     'accept-ranges': 'bytes',
21 silly get     date: 'Sun, 05 Mar 2017 22:49:43 GMT',
21 silly get     via: '1.1 varnish',
21 silly get     age: '0',
21 silly get     connection: 'keep-alive',
21 silly get     'x-served-by': 'cache-iad2622-IAD',
21 silly get     'x-cache': 'MISS',
21 silly get     'x-cache-hits': '0',
21 silly get     'x-timer': 'S1488754182.790219,VS0,VE649',
21 silly get     vary: 'Accept-Encoding' } ]
22 silly fetchPackageMetaData Error: Registry returned 404 for GET on https://registry.npmjs.org/jekyll-docs
22 silly fetchPackageMetaData     at makeError (/Users/WSM/.node_modules_global/lib/node_modules/npm/node_modules/npm-registry-client/lib/request.js:302:12)
22 silly fetchPackageMetaData     at CachingRegistryClient.<anonymous> (/Users/WSM/.node_modules_global/lib/node_modules/npm/node_modules/npm-registry-client/lib/request.js:280:14)
22 silly fetchPackageMetaData     at Request._callback (/Users/WSM/.node_modules_global/lib/node_modules/npm/node_modules/npm-registry-client/lib/request.js:210:14)
22 silly fetchPackageMetaData     at Request.self.callback (/Users/WSM/.node_modules_global/lib/node_modules/npm/node_modules/request/request.js:186:22)
22 silly fetchPackageMetaData     at emitTwo (events.js:106:13)
22 silly fetchPackageMetaData     at Request.emit (events.js:191:7)
22 silly fetchPackageMetaData     at Request.<anonymous> (/Users/WSM/.node_modules_global/lib/node_modules/npm/node_modules/request/request.js:1081:10)
22 silly fetchPackageMetaData     at emitOne (events.js:96:13)
22 silly fetchPackageMetaData     at Request.emit (events.js:188:7)
22 silly fetchPackageMetaData     at IncomingMessage.<anonymous> (/Users/WSM/.node_modules_global/lib/node_modules/npm/node_modules/request/request.js:1001:12)
22 silly fetchPackageMetaData  error for jekyll-docs { Error: Registry returned 404 for GET on https://registry.npmjs.org/jekyll-docs
22 silly fetchPackageMetaData     at makeError (/Users/WSM/.node_modules_global/lib/node_modules/npm/node_modules/npm-registry-client/lib/request.js:302:12)
22 silly fetchPackageMetaData     at CachingRegistryClient.<anonymous> (/Users/WSM/.node_modules_global/lib/node_modules/npm/node_modules/npm-registry-client/lib/request.js:280:14)
22 silly fetchPackageMetaData     at Request._callback (/Users/WSM/.node_modules_global/lib/node_modules/npm/node_modules/npm-registry-client/lib/request.js:210:14)
22 silly fetchPackageMetaData     at Request.self.callback (/Users/WSM/.node_modules_global/lib/node_modules/npm/node_modules/request/request.js:186:22)
22 silly fetchPackageMetaData     at emitTwo (events.js:106:13)
22 silly fetchPackageMetaData     at Request.emit (events.js:191:7)
22 silly fetchPackageMetaData     at Request.<anonymous> (/Users/WSM/.node_modules_global/lib/node_modules/npm/node_modules/request/request.js:1081:10)
22 silly fetchPackageMetaData     at emitOne (events.js:96:13)
22 silly fetchPackageMetaData     at Request.emit (events.js:188:7)
22 silly fetchPackageMetaData     at IncomingMessage.<anonymous> (/Users/WSM/.node_modules_global/lib/node_modules/npm/node_modules/request/request.js:1001:12) pkgid: 'jekyll-docs', statusCode: 404, code: 'E404' }
23 silly rollbackFailedOptional Starting
24 verbose stack TypeError: Cannot read property 'path' of null
24 verbose stack     at Object.Installer.rollbackFailedOptional (/Users/WSM/.node_modules_global/lib/node_modules/npm/lib/install.js:505:29)
24 verbose stack     at Array.<anonymous> (/Users/WSM/.node_modules_global/lib/node_modules/npm/node_modules/slide/lib/bind-actor.js:15:8)
24 verbose stack     at LOOP (/Users/WSM/.node_modules_global/lib/node_modules/npm/node_modules/slide/lib/chain.js:15:14)
24 verbose stack     at /Users/WSM/.node_modules_global/lib/node_modules/npm/node_modules/slide/lib/chain.js:18:7
24 verbose stack     at /Users/WSM/.node_modules_global/lib/node_modules/npm/lib/install.js:331:5
24 verbose stack     at Array.<anonymous> (/Users/WSM/.node_modules_global/lib/node_modules/npm/node_modules/slide/lib/bind-actor.js:15:8)
24 verbose stack     at LOOP (/Users/WSM/.node_modules_global/lib/node_modules/npm/node_modules/slide/lib/chain.js:15:14)
24 verbose stack     at chain (/Users/WSM/.node_modules_global/lib/node_modules/npm/node_modules/slide/lib/chain.js:20:5)
24 verbose stack     at /Users/WSM/.node_modules_global/lib/node_modules/npm/lib/install.js:288:5
24 verbose stack     at /Users/WSM/.node_modules_global/lib/node_modules/npm/node_modules/slide/lib/chain.js:16:22
25 verbose cwd /Users/WSM/Desktop/web-dev/practice-projects/work-practice/wes-blog-basic
26 error Darwin 16.4.0
27 error argv "/usr/local/bin/node" "/Users/WSM/.node_modules_global/bin/npm" "install" "-g" "jekyll-docs"
28 error node v6.9.2
29 error npm  v4.0.5
30 error Cannot read property 'path' of null
31 error If you need help, you may report this error at:
31 error     <https://github.com/npm/npm/issues>
32 verbose exit [ 1, true ]
